<?xml version="1.0" encoding="UTF-8" standalone="yes"?><!DOCTYPE report PUBLIC "-//JACOCO//DTD Report 1.0//EN" "report.dtd"><report name="JMXProxy"><sessioninfo id="travis-job-mk23-jmxproxy-342075774.travisci.net-3f9a8577" start="1518730021592" dump="1518730080490"/><sessioninfo id="travis-job-mk23-jmxproxy-342075774.travisci.net-db42b447" start="1518730081222" dump="1518730092845"/><sessioninfo id="travis-job-mk23-jmxproxy-342075774.travisci.net-bdea965a" start="1518730093730" dump="1518730095998"/><sessioninfo id="travis-job-mk23-jmxproxy-342075774.travisci.net-46892b9a" start="1518730096632" dump="1518730106794"/><sessioninfo id="travis-job-mk23-jmxproxy-342075774.travisci.net-55ca0ad7" start="1518730107409" dump="1518730108673"/><sessioninfo id="travis-job-mk23-jmxproxy-342075774.travisci.net-b30bf117" start="1518730109321" dump="1518730111376"/><sessioninfo id="travis-job-mk23-jmxproxy-342075774.travisci.net-cd4251b6" start="1518730112009" dump="1518730114310"/><sessioninfo id="travis-job-mk23-jmxproxy-342075774.travisci.net-6136e547" start="1518730114935" dump="1518730117005"/><sessioninfo id="travis-job-mk23-jmxproxy-342075774.travisci.net-f6f99df" start="1518730117660" dump="1518730118859"/><sessioninfo id="travis-job-mk23-jmxproxy-342075774.travisci.net-68e554b6" start="1518730119469" dump="1518730122147"/><sessioninfo id="travis-job-mk23-jmxproxy-342075774.travisci.net-3b9c034" start="1518730122890" dump="1518730147265"/><sessioninfo id="travis-job-mk23-jmxproxy-342075774.travisci.net-9676e60e" start="1518730147889" dump="1518730148877"/><sessioninfo id="travis-job-mk23-jmxproxy-342075774.travisci.net-680993a0" start="1518730149408" dump="1518730150306"/><sessioninfo id="travis-job-mk23-jmxproxy-342075774.travisci.net-4f4a32da" start="1518730151023" dump="1518730153575"/><sessioninfo id="travis-job-mk23-jmxproxy-342075774.travisci.net-f380913b" start="1518730154138" dump="1518730154995"/><sessioninfo id="travis-job-mk23-jmxproxy-342075774.travisci.net-a0128003" start="1518730155536" dump="1518730156481"/><sessioninfo id="travis-job-mk23-jmxproxy-342075774.travisci.net-7bcbcf7f" start="1518730157019" dump="1518730157981"/><sessioninfo id="travis-job-mk23-jmxproxy-342075774.travisci.net-80a1ac00" start="1518730158515" dump="1518730159517"/><sessioninfo id="travis-job-mk23-jmxproxy-342075774.travisci.net-ce6ff63c" start="1518730160062" dump="1518730160923"/><sessioninfo id="travis-job-mk23-jmxproxy-342075774.travisci.net-bf41ea5d" start="1518730161497" dump="1518730162459"/></report>